This file contains any messages produced by compilers while
running configure, to aid debugging if configure makes a mistake.

It was created by hello_world configure 0.1, which was
generated by GNU Autoconf 2.69.  Invocation command line was

  $ ./configure --no-create --no-recursion

## --------- ##
## Platform. ##
## --------- ##

hostname = gentoo-usb
uname -m = x86_64
uname -r = 3.18.12-gentoo
uname -s = Linux
uname -v = #3 SMP Thu Jul 9 21:17:23 AEST 2015

/usr/bin/uname -p = Intel(R) Core(TM) i5-4570S CPU @ 2.90GHz
/bin/uname -X     = unknown

/bin/arch              = unknown
/usr/bin/arch -k       = unknown
/usr/convex/getsysinfo = unknown
/usr/bin/hostinfo      = unknown
/bin/machine           = unknown
/usr/bin/oslevel       = unknown
/bin/universe          = unknown

PATH: /usr/local/bin
PATH: /usr/bin
PATH: /bin
PATH: /opt/bin
PATH: /usr/x86_64-pc-linux-gnu/gcc-bin/4.8.4


## ----------- ##
## Core tests. ##
## ----------- ##

configure:2185: checking for a BSD-compatible install
configure:2253: result: /usr/bin/install -c
configure:2264: checking whether build environment is sane
configure:2319: result: yes
configure:2470: checking for a thread-safe mkdir -p
configure:2509: result: /bin/mkdir -p
configure:2516: checking for gawk
configure:2532: found /usr/bin/gawk
configure:2543: result: gawk
configure:2554: checking whether make sets $(MAKE)
configure:2576: result: yes
configure:2605: checking whether make supports nested variables
configure:2622: result: yes
configure:2758: checking whether make supports nested variables
configure:2775: result: yes
configure:2816: checking build system type
configure:2830: result: x86_64-unknown-linux-gnu
configure:2850: checking host system type
configure:2863: result: x86_64-unknown-linux-gnu
configure:2904: checking how to print strings
configure:2931: result: printf
configure:2964: checking for style of include used by make
configure:2992: result: GNU
configure:3063: checking for gcc
configure:3079: found /usr/bin/gcc
configure:3090: result: gcc
configure:3319: checking for C compiler version
configure:3328: gcc --version >&5
gcc (Gentoo 4.8.4 p1.6, pie-0.6.1) 4.8.4
Copyright (C) 2013 Free Software Foundation, Inc.
This is free software; see the source for copying conditions.  There is NO
warranty; not even for MERCHANTABILITY or FITNESS FOR A PARTICULAR PURPOSE.

configure:3339: $? = 0
configure:3328: gcc -v >&5
Using built-in specs.
COLLECT_GCC=/usr/x86_64-pc-linux-gnu/gcc-bin/4.8.4/gcc
COLLECT_LTO_WRAPPER=/usr/libexec/gcc/x86_64-pc-linux-gnu/4.8.4/lto-wrapper
Target: x86_64-pc-linux-gnu
Configured with: /var/tmp/portage/sys-devel/gcc-4.8.4/work/gcc-4.8.4/configure --host=x86_64-pc-linux-gnu --build=x86_64-pc-linux-gnu --prefix=/usr --bindir=/usr/x86_64-pc-linux-gnu/gcc-bin/4.8.4 --includedir=/usr/lib/gcc/x86_64-pc-linux-gnu/4.8.4/include --datadir=/usr/share/gcc-data/x86_64-pc-linux-gnu/4.8.4 --mandir=/usr/share/gcc-data/x86_64-pc-linux-gnu/4.8.4/man --infodir=/usr/share/gcc-data/x86_64-pc-linux-gnu/4.8.4/info --with-gxx-include-dir=/usr/lib/gcc/x86_64-pc-linux-gnu/4.8.4/include/g++-v4 --with-python-dir=/share/gcc-data/x86_64-pc-linux-gnu/4.8.4/python --enable-languages=c,c++,fortran --enable-obsolete --enable-secureplt --disable-werror --with-system-zlib --enable-nls --without-included-gettext --enable-checking=release --with-bugurl=https://bugs.gentoo.org/ --with-pkgversion='Gentoo 4.8.4 p1.6, pie-0.6.1' --enable-libstdcxx-time --enable-shared --enable-threads=posix --enable-__cxa_atexit --enable-clocale=gnu --enable-multilib --with-multilib-list=m32,m64 --disable-altivec --disable-fixed-point --enable-targets=all --disable-libgcj --enable-libgomp --disable-libmudflap --disable-libssp --enable-lto --without-cloog --enable-libsanitizer
Thread model: posix
gcc version 4.8.4 (Gentoo 4.8.4 p1.6, pie-0.6.1) 
configure:3339: $? = 0
configure:3328: gcc -V >&5
gcc: error: unrecognized command line option '-V'
gcc: fatal error: no input files
compilation terminated.
configure:3339: $? = 1
configure:3328: gcc -qversion >&5
gcc: error: unrecognized command line option '-qversion'
gcc: fatal error: no input files
compilation terminated.
configure:3339: $? = 1
configure:3359: checking whether the C compiler works
configure:3381: gcc    conftest.c  >&5
configure:3385: $? = 0
configure:3433: result: yes
configure:3436: checking for C compiler default output file name
configure:3438: result: a.out
configure:3444: checking for suffix of executables
configure:3451: gcc -o conftest    conftest.c  >&5
configure:3455: $? = 0
configure:3477: result: 
configure:3499: checking whether we are cross compiling
configure:3507: gcc -o conftest    conftest.c  >&5
configure:3511: $? = 0
configure:3518: ./conftest
configure:3522: $? = 0
configure:3537: result: no
configure:3542: checking for suffix of object files
configure:3564: gcc -c   conftest.c >&5
configure:3568: $? = 0
configure:3589: result: o
configure:3593: checking whether we are using the GNU C compiler
configure:3612: gcc -c   conftest.c >&5
configure:3612: $? = 0
configure:3621: result: yes
configure:3630: checking whether gcc accepts -g
configure:3650: gcc -c -g  conftest.c >&5
configure:3650: $? = 0
configure:3691: result: yes
configure:3708: checking for gcc option to accept ISO C89
configure:3771: gcc  -c -g -O2  conftest.c >&5
configure:3771: $? = 0
configure:3784: result: none needed
configure:3809: checking whether gcc understands -c and -o together
configure:3831: gcc -c conftest.c -o conftest2.o
configure:3834: $? = 0
configure:3831: gcc -c conftest.c -o conftest2.o
configure:3834: $? = 0
configure:3846: result: yes
configure:3865: checking dependency style of gcc
configure:3976: result: gcc3
configure:3991: checking for a sed that does not truncate output
configure:4055: result: /bin/sed
configure:4073: checking for grep that handles long lines and -e
configure:4131: result: /bin/grep
configure:4136: checking for egrep
configure:4198: result: /bin/grep -E
configure:4203: checking for fgrep
configure:4265: result: /bin/grep -F
configure:4300: checking for ld used by gcc
configure:4367: result: /usr/x86_64-pc-linux-gnu/bin/ld
configure:4374: checking if the linker (/usr/x86_64-pc-linux-gnu/bin/ld) is GNU ld
configure:4389: result: yes
configure:4401: checking for BSD- or MS-compatible name lister (nm)
configure:4455: result: /usr/bin/nm -B
configure:4585: checking the name lister (/usr/bin/nm -B) interface
configure:4592: gcc -c -g -O2  conftest.c >&5
configure:4595: /usr/bin/nm -B "conftest.o"
configure:4598: output
0000000000000000 B some_variable
configure:4605: result: BSD nm
configure:4608: checking whether ln -s works
configure:4612: result: yes
configure:4620: checking the maximum length of command line arguments
configure:4751: result: 1572864
configure:4799: checking how to convert x86_64-unknown-linux-gnu file names to x86_64-unknown-linux-gnu format
configure:4839: result: func_convert_file_noop
configure:4846: checking how to convert x86_64-unknown-linux-gnu file names to toolchain format
configure:4866: result: func_convert_file_noop
configure:4873: checking for /usr/x86_64-pc-linux-gnu/bin/ld option to reload object files
configure:4880: result: -r
configure:4954: checking for objdump
configure:4970: found /usr/bin/objdump
configure:4981: result: objdump
configure:5013: checking how to recognize dependent libraries
configure:5213: result: pass_all
configure:5298: checking for dlltool
configure:5328: result: no
configure:5358: checking how to associate runtime and link libraries
configure:5385: result: printf %s\n
configure:5446: checking for ar
configure:5462: found /usr/bin/ar
configure:5473: result: ar
configure:5510: checking for archiver @FILE support
configure:5527: gcc -c -g -O2  conftest.c >&5
configure:5527: $? = 0
configure:5530: ar cru libconftest.a @conftest.lst >&5
configure:5533: $? = 0
configure:5538: ar cru libconftest.a @conftest.lst >&5
ar: conftest.o: No such file or directory
configure:5541: $? = 1
configure:5553: result: @
configure:5611: checking for strip
configure:5627: found /usr/bin/strip
configure:5638: result: strip
configure:5710: checking for ranlib
configure:5726: found /usr/bin/ranlib
configure:5737: result: ranlib
configure:5839: checking command to parse /usr/bin/nm -B output from gcc object
configure:5992: gcc -c -g -O2  conftest.c >&5
configure:5995: $? = 0
configure:5999: /usr/bin/nm -B conftest.o \| sed -n -e 's/^.*[ ]\([ABCDGIRSTW][ABCDGIRSTW]*\)[ ][ ]*\([_A-Za-z][_A-Za-z0-9]*\)$/\1 \2 \2/p' | sed '/ __gnu_lto/d' \> conftest.nm
configure:6002: $? = 0
configure:6068: gcc -o conftest -g -O2   conftest.c conftstm.o >&5
configure:6071: $? = 0
configure:6109: result: ok
configure:6156: checking for sysroot
configure:6186: result: no
configure:6193: checking for a working dd
configure:6231: result: /bin/dd
configure:6235: checking how to truncate binary pipes
configure:6250: result: /bin/dd bs=4096 count=1
configure:6386: gcc -c -g -O2  conftest.c >&5
configure:6389: $? = 0
configure:6579: checking for mt
configure:6609: result: no
configure:6629: checking if : is a manifest tool
configure:6635: : '-?'
configure:6643: result: no
configure:7320: checking how to run the C preprocessor
configure:7351: gcc -E  conftest.c
configure:7351: $? = 0
configure:7365: gcc -E  conftest.c
conftest.c:11:28: fatal error: ac_nonexistent.h: No such file or directory
 #include <ac_nonexistent.h>
                            ^
compilation terminated.
configure:7365: $? = 1
configure: failed program was:
| /* confdefs.h */
| #define PACKAGE_NAME "hello_world"
| #define PACKAGE_TARNAME "hello_world"
| #define PACKAGE_VERSION "0.1"
| #define PACKAGE_STRING "hello_world 0.1"
| #define PACKAGE_BUGREPORT ""
| #define PACKAGE_URL ""
| #define PACKAGE "hello_world"
| #define VERSION "0.1"
| /* end confdefs.h.  */
| #include <ac_nonexistent.h>
configure:7390: result: gcc -E
configure:7410: gcc -E  conftest.c
configure:7410: $? = 0
configure:7424: gcc -E  conftest.c
conftest.c:11:28: fatal error: ac_nonexistent.h: No such file or directory
 #include <ac_nonexistent.h>
                            ^
compilation terminated.
configure:7424: $? = 1
configure: failed program was:
| /* confdefs.h */
| #define PACKAGE_NAME "hello_world"
| #define PACKAGE_TARNAME "hello_world"
| #define PACKAGE_VERSION "0.1"
| #define PACKAGE_STRING "hello_world 0.1"
| #define PACKAGE_BUGREPORT ""
| #define PACKAGE_URL ""
| #define PACKAGE "hello_world"
| #define VERSION "0.1"
| /* end confdefs.h.  */
| #include <ac_nonexistent.h>
configure:7453: checking for ANSI C header files
configure:7473: gcc -c -g -O2  conftest.c >&5
configure:7473: $? = 0
configure:7546: gcc -o conftest -g -O2   conftest.c  >&5
configure:7546: $? = 0
configure:7546: ./conftest
configure:7546: $? = 0
configure:7557: result: yes
configure:7570: checking for sys/types.h
configure:7570: gcc -c -g -O2  conftest.c >&5
configure:7570: $? = 0
configure:7570: result: yes
configure:7570: checking for sys/stat.h
configure:7570: gcc -c -g -O2  conftest.c >&5
configure:7570: $? = 0
configure:7570: result: yes
configure:7570: checking for stdlib.h
configure:7570: gcc -c -g -O2  conftest.c >&5
configure:7570: $? = 0
configure:7570: result: yes
configure:7570: checking for string.h
configure:7570: gcc -c -g -O2  conftest.c >&5
configure:7570: $? = 0
configure:7570: result: yes
configure:7570: checking for memory.h
configure:7570: gcc -c -g -O2  conftest.c >&5
configure:7570: $? = 0
configure:7570: result: yes
configure:7570: checking for strings.h
configure:7570: gcc -c -g -O2  conftest.c >&5
configure:7570: $? = 0
configure:7570: result: yes
configure:7570: checking for inttypes.h
configure:7570: gcc -c -g -O2  conftest.c >&5
configure:7570: $? = 0
configure:7570: result: yes
configure:7570: checking for stdint.h
configure:7570: gcc -c -g -O2  conftest.c >&5
configure:7570: $? = 0
configure:7570: result: yes
configure:7570: checking for unistd.h
configure:7570: gcc -c -g -O2  conftest.c >&5
configure:7570: $? = 0
configure:7570: result: yes
configure:7584: checking for dlfcn.h
configure:7584: gcc -c -g -O2  conftest.c >&5
configure:7584: $? = 0
configure:7584: result: yes
configure:7840: checking for objdir
configure:7855: result: .libs
configure:8119: checking if gcc supports -fno-rtti -fno-exceptions
configure:8137: gcc -c -g -O2  -fno-rtti -fno-exceptions conftest.c >&5
cc1: warning: command line option '-fno-rtti' is valid for C++/ObjC++ but not for C [enabled by default]
configure:8141: $? = 0
configure:8154: result: no
configure:8512: checking for gcc option to produce PIC
configure:8519: result: -fPIC -DPIC
configure:8527: checking if gcc PIC flag -fPIC -DPIC works
configure:8545: gcc -c -g -O2  -fPIC -DPIC -DPIC conftest.c >&5
configure:8549: $? = 0
configure:8562: result: yes
configure:8591: checking if gcc static flag -static works
configure:8619: result: yes
configure:8634: checking if gcc supports -c -o file.o
configure:8655: gcc -c -g -O2  -o out/conftest2.o conftest.c >&5
configure:8659: $? = 0
configure:8681: result: yes
configure:8689: checking if gcc supports -c -o file.o
configure:8736: result: yes
configure:8769: checking whether the gcc linker (/usr/x86_64-pc-linux-gnu/bin/ld -m elf_x86_64) supports shared libraries
configure:10028: result: yes
configure:10065: checking whether -lc should be explicitly linked in
configure:10073: gcc -c -g -O2  conftest.c >&5
configure:10076: $? = 0
configure:10091: gcc -shared  -fPIC -DPIC conftest.o  -v -Wl,-soname -Wl,conftest -o conftest 2\>\&1 \| /bin/grep  -lc  \>/dev/null 2\>\&1
configure:10094: $? = 0
configure:10108: result: no
configure:10268: checking dynamic linker characteristics
configure:10862: gcc -o conftest -g -O2   -Wl,-rpath -Wl,/foo conftest.c  >&5
configure:10862: $? = 0
configure:11099: result: GNU/Linux ld.so
configure:11221: checking how to hardcode library paths into programs
configure:11246: result: immediate
configure:11794: checking whether stripping libraries is possible
configure:11799: result: yes
configure:11834: checking if libtool supports shared libraries
configure:11836: result: yes
configure:11839: checking whether to build shared libraries
configure:11864: result: yes
configure:11867: checking whether to build static libraries
configure:11871: result: yes
configure:11957: checking for gcc
configure:11984: result: gcc
configure:12213: checking for C compiler version
configure:12222: gcc --version >&5
gcc (Gentoo 4.8.4 p1.6, pie-0.6.1) 4.8.4
Copyright (C) 2013 Free Software Foundation, Inc.
This is free software; see the source for copying conditions.  There is NO
warranty; not even for MERCHANTABILITY or FITNESS FOR A PARTICULAR PURPOSE.

configure:12233: $? = 0
configure:12222: gcc -v >&5
Using built-in specs.
COLLECT_GCC=/usr/x86_64-pc-linux-gnu/gcc-bin/4.8.4/gcc
COLLECT_LTO_WRAPPER=/usr/libexec/gcc/x86_64-pc-linux-gnu/4.8.4/lto-wrapper
Target: x86_64-pc-linux-gnu
Configured with: /var/tmp/portage/sys-devel/gcc-4.8.4/work/gcc-4.8.4/configure --host=x86_64-pc-linux-gnu --build=x86_64-pc-linux-gnu --prefix=/usr --bindir=/usr/x86_64-pc-linux-gnu/gcc-bin/4.8.4 --includedir=/usr/lib/gcc/x86_64-pc-linux-gnu/4.8.4/include --datadir=/usr/share/gcc-data/x86_64-pc-linux-gnu/4.8.4 --mandir=/usr/share/gcc-data/x86_64-pc-linux-gnu/4.8.4/man --infodir=/usr/share/gcc-data/x86_64-pc-linux-gnu/4.8.4/info --with-gxx-include-dir=/usr/lib/gcc/x86_64-pc-linux-gnu/4.8.4/include/g++-v4 --with-python-dir=/share/gcc-data/x86_64-pc-linux-gnu/4.8.4/python --enable-languages=c,c++,fortran --enable-obsolete --enable-secureplt --disable-werror --with-system-zlib --enable-nls --without-included-gettext --enable-checking=release --with-bugurl=https://bugs.gentoo.org/ --with-pkgversion='Gentoo 4.8.4 p1.6, pie-0.6.1' --enable-libstdcxx-time --enable-shared --enable-threads=posix --enable-__cxa_atexit --enable-clocale=gnu --enable-multilib --with-multilib-list=m32,m64 --disable-altivec --disable-fixed-point --enable-targets=all --disable-libgcj --enable-libgomp --disable-libmudflap --disable-libssp --enable-lto --without-cloog --enable-libsanitizer
Thread model: posix
gcc version 4.8.4 (Gentoo 4.8.4 p1.6, pie-0.6.1) 
configure:12233: $? = 0
configure:12222: gcc -V >&5
gcc: error: unrecognized command line option '-V'
gcc: fatal error: no input files
compilation terminated.
configure:12233: $? = 1
configure:12222: gcc -qversion >&5
gcc: error: unrecognized command line option '-qversion'
gcc: fatal error: no input files
compilation terminated.
configure:12233: $? = 1
configure:12237: checking whether we are using the GNU C compiler
configure:12265: result: yes
configure:12274: checking whether gcc accepts -g
configure:12335: result: yes
configure:12352: checking for gcc option to accept ISO C89
configure:12428: result: none needed
configure:12453: checking whether gcc understands -c and -o together
configure:12490: result: yes
configure:12509: checking dependency style of gcc
configure:12620: result: gcc3
configure:12690: checking for pkg-config
configure:12708: found /usr/bin/pkg-config
configure:12720: result: /usr/bin/pkg-config
configure:12745: checking pkg-config is at least version 0.9.0
configure:12748: result: yes
configure:12758: checking for MODBUS
configure:12765: $PKG_CONFIG --exists --print-errors "libmodbus"
configure:12768: $? = 0
configure:12782: $PKG_CONFIG --exists --print-errors "libmodbus"
configure:12785: $? = 0
configure:12843: result: yes
configure:12848: checking for library containing pthread_create
configure:12879: gcc -o conftest -g -O2   conftest.c  >&5
/tmp/ccizbvES.o: In function `main':
/home/init_user/week7/conftest.c:34: undefined reference to `pthread_create'
collect2: error: ld returned 1 exit status
configure:12879: $? = 1
configure: failed program was:
| /* confdefs.h */
| #define PACKAGE_NAME "hello_world"
| #define PACKAGE_TARNAME "hello_world"
| #define PACKAGE_VERSION "0.1"
| #define PACKAGE_STRING "hello_world 0.1"
| #define PACKAGE_BUGREPORT ""
| #define PACKAGE_URL ""
| #define PACKAGE "hello_world"
| #define VERSION "0.1"
| #define STDC_HEADERS 1
| #define HAVE_SYS_TYPES_H 1
| #define HAVE_SYS_STAT_H 1
| #define HAVE_STDLIB_H 1
| #define HAVE_STRING_H 1
| #define HAVE_MEMORY_H 1
| #define HAVE_STRINGS_H 1
| #define HAVE_INTTYPES_H 1
| #define HAVE_STDINT_H 1
| #define HAVE_UNISTD_H 1
| #define HAVE_DLFCN_H 1
| #define LT_OBJDIR ".libs/"
| /* end confdefs.h.  */
| 
| /* Override any GCC internal prototype to avoid an error.
|    Use char because int might match the return type of a GCC
|    builtin and then its argument prototype would still apply.  */
| #ifdef __cplusplus
| extern "C"
| #endif
| char pthread_create ();
| int
| main ()
| {
| return pthread_create ();
|   ;
|   return 0;
| }
configure:12879: gcc -o conftest -g -O2   conftest.c -lpthread   >&5
configure:12879: $? = 0
configure:12896: result: -lpthread
configure:13019: checking that generated files are newer than configure
configure:13025: result: done
configure:13052: creating ./config.status

## ---------------- ##
## Cache variables. ##
## ---------------- ##

ac_cv_build=x86_64-unknown-linux-gnu
ac_cv_c_compiler_gnu=yes
ac_cv_env_CC_set=
ac_cv_env_CC_value=
ac_cv_env_CFLAGS_set=
ac_cv_env_CFLAGS_value=
ac_cv_env_CPPFLAGS_set=
ac_cv_env_CPPFLAGS_value=
ac_cv_env_CPP_set=
ac_cv_env_CPP_value=
ac_cv_env_LDFLAGS_set=
ac_cv_env_LDFLAGS_value=
ac_cv_env_LIBS_set=
ac_cv_env_LIBS_value=
ac_cv_env_LT_SYS_LIBRARY_PATH_set=
ac_cv_env_LT_SYS_LIBRARY_PATH_value=
ac_cv_env_MODBUS_CFLAGS_set=
ac_cv_env_MODBUS_CFLAGS_value=
ac_cv_env_MODBUS_LIBS_set=
ac_cv_env_MODBUS_LIBS_value=
ac_cv_env_PKG_CONFIG_LIBDIR_set=
ac_cv_env_PKG_CONFIG_LIBDIR_value=
ac_cv_env_PKG_CONFIG_PATH_set=
ac_cv_env_PKG_CONFIG_PATH_value=
ac_cv_env_PKG_CONFIG_set=
ac_cv_env_PKG_CONFIG_value=
ac_cv_env_build_alias_set=
ac_cv_env_build_alias_value=
ac_cv_env_host_alias_set=
ac_cv_env_host_alias_value=
ac_cv_env_target_alias_set=
ac_cv_env_target_alias_value=
ac_cv_header_dlfcn_h=yes
ac_cv_header_inttypes_h=yes
ac_cv_header_memory_h=yes
ac_cv_header_stdc=yes
ac_cv_header_stdint_h=yes
ac_cv_header_stdlib_h=yes
ac_cv_header_string_h=yes
ac_cv_header_strings_h=yes
ac_cv_header_sys_stat_h=yes
ac_cv_header_sys_types_h=yes
ac_cv_header_unistd_h=yes
ac_cv_host=x86_64-unknown-linux-gnu
ac_cv_objext=o
ac_cv_path_EGREP='/bin/grep -E'
ac_cv_path_FGREP='/bin/grep -F'
ac_cv_path_GREP=/bin/grep
ac_cv_path_SED=/bin/sed
ac_cv_path_ac_pt_PKG_CONFIG=/usr/bin/pkg-config
ac_cv_path_install='/usr/bin/install -c'
ac_cv_path_lt_DD=/bin/dd
ac_cv_path_mkdir=/bin/mkdir
ac_cv_prog_AWK=gawk
ac_cv_prog_CPP='gcc -E'
ac_cv_prog_ac_ct_AR=ar
ac_cv_prog_ac_ct_CC=gcc
ac_cv_prog_ac_ct_OBJDUMP=objdump
ac_cv_prog_ac_ct_RANLIB=ranlib
ac_cv_prog_ac_ct_STRIP=strip
ac_cv_prog_cc_c89=
ac_cv_prog_cc_g=yes
ac_cv_prog_make_make_set=yes
ac_cv_search_pthread_create=-lpthread
am_cv_CC_dependencies_compiler_type=gcc3
am_cv_make_support_nested_variables=yes
am_cv_prog_cc_c_o=yes
lt_cv_ar_at_file=@
lt_cv_archive_cmds_need_lc=no
lt_cv_deplibs_check_method=pass_all
lt_cv_file_magic_cmd='$MAGIC_CMD'
lt_cv_file_magic_test_file=
lt_cv_ld_reload_flag=-r
lt_cv_nm_interface='BSD nm'
lt_cv_objdir=.libs
lt_cv_path_LD=/usr/x86_64-pc-linux-gnu/bin/ld
lt_cv_path_NM='/usr/bin/nm -B'
lt_cv_path_mainfest_tool=no
lt_cv_prog_compiler_c_o=yes
lt_cv_prog_compiler_pic='-fPIC -DPIC'
lt_cv_prog_compiler_pic_works=yes
lt_cv_prog_compiler_rtti_exceptions=no
lt_cv_prog_compiler_static_works=yes
lt_cv_prog_gnu_ld=yes
lt_cv_sharedlib_from_linklib_cmd='printf %s\n'
lt_cv_shlibpath_overrides_runpath=yes
lt_cv_sys_global_symbol_pipe='sed -n -e '\''s/^.*[	 ]\([ABCDGIRSTW][ABCDGIRSTW]*\)[	 ][	 ]*\([_A-Za-z][_A-Za-z0-9]*\)$/\1 \2 \2/p'\'' | sed '\''/ __gnu_lto/d'\'''
lt_cv_sys_global_symbol_to_c_name_address='sed -n -e '\''s/^: \(.*\) .*$/  {"\1", (void *) 0},/p'\'' -e '\''s/^[ABCDGIRSTW][ABCDGIRSTW]* .* \(.*\)$/  {"\1", (void *) \&\1},/p'\'''
lt_cv_sys_global_symbol_to_c_name_address_lib_prefix='sed -n -e '\''s/^: \(.*\) .*$/  {"\1", (void *) 0},/p'\'' -e '\''s/^[ABCDGIRSTW][ABCDGIRSTW]* .* \(lib.*\)$/  {"\1", (void *) \&\1},/p'\'' -e '\''s/^[ABCDGIRSTW][ABCDGIRSTW]* .* \(.*\)$/  {"lib\1", (void *) \&\1},/p'\'''
lt_cv_sys_global_symbol_to_cdecl='sed -n -e '\''s/^T .* \(.*\)$/extern int \1();/p'\'' -e '\''s/^[ABCDGIRSTW][ABCDGIRSTW]* .* \(.*\)$/extern char \1;/p'\'''
lt_cv_sys_global_symbol_to_import=
lt_cv_sys_max_cmd_len=1572864
lt_cv_to_host_file_cmd=func_convert_file_noop
lt_cv_to_tool_file_cmd=func_convert_file_noop
lt_cv_truncate_bin='/bin/dd bs=4096 count=1'
pkg_cv_MODBUS_CFLAGS='-I/usr/include/modbus '
pkg_cv_MODBUS_LIBS='-lmodbus '

## ----------------- ##
## Output variables. ##
## ----------------- ##

ACLOCAL='${SHELL} /home/init_user/week7/config/missing aclocal-1.14'
AMDEPBACKSLASH='\'
AMDEP_FALSE='#'
AMDEP_TRUE=''
AMTAR='$${TAR-tar}'
AM_BACKSLASH='\'
AM_DEFAULT_V='$(AM_DEFAULT_VERBOSITY)'
AM_DEFAULT_VERBOSITY='0'
AM_V='$(V)'
AR='ar'
AUTOCONF='${SHELL} /home/init_user/week7/config/missing autoconf'
AUTOHEADER='${SHELL} /home/init_user/week7/config/missing autoheader'
AUTOMAKE='${SHELL} /home/init_user/week7/config/missing automake-1.14'
AWK='gawk'
CC='gcc'
CCDEPMODE='depmode=gcc3'
CFLAGS='-g -O2'
CPP='gcc -E'
CPPFLAGS=''
CYGPATH_W='echo'
DEFS='-DHAVE_CONFIG_H'
DEPDIR='.deps'
DLLTOOL='false'
DSYMUTIL=''
DUMPBIN=''
ECHO_C=''
ECHO_N='-n'
ECHO_T=''
EGREP='/bin/grep -E'
EXEEXT=''
FGREP='/bin/grep -F'
GREP='/bin/grep'
INSTALL_DATA='${INSTALL} -m 644'
INSTALL_PROGRAM='${INSTALL}'
INSTALL_SCRIPT='${INSTALL}'
INSTALL_STRIP_PROGRAM='$(install_sh) -c -s'
LD='/usr/x86_64-pc-linux-gnu/bin/ld -m elf_x86_64'
LDFLAGS=''
LIBOBJS=''
LIBS='-lpthread '
LIBTOOL='$(SHELL) $(top_builddir)/libtool'
LIPO=''
LN_S='ln -s'
LTLIBOBJS=''
LT_SYS_LIBRARY_PATH=''
MAKEINFO='${SHELL} /home/init_user/week7/config/missing makeinfo'
MANIFEST_TOOL=':'
MKDIR_P='/bin/mkdir -p'
MODBUS_CFLAGS='-I/usr/include/modbus '
MODBUS_LIBS='-lmodbus '
NM='/usr/bin/nm -B'
NMEDIT=''
OBJDUMP='objdump'
OBJEXT='o'
OTOOL64=''
OTOOL=''
PACKAGE='hello_world'
PACKAGE_BUGREPORT=''
PACKAGE_NAME='hello_world'
PACKAGE_STRING='hello_world 0.1'
PACKAGE_TARNAME='hello_world'
PACKAGE_URL=''
PACKAGE_VERSION='0.1'
PATH_SEPARATOR=':'
PKG_CONFIG='/usr/bin/pkg-config'
PKG_CONFIG_LIBDIR=''
PKG_CONFIG_PATH=''
RANLIB='ranlib'
SED='/bin/sed'
SET_MAKE=''
SHELL='/bin/sh'
STRIP='strip'
VERSION='0.1'
ac_ct_AR='ar'
ac_ct_CC='gcc'
ac_ct_DUMPBIN=''
am__EXEEXT_FALSE=''
am__EXEEXT_TRUE='#'
am__fastdepCC_FALSE='#'
am__fastdepCC_TRUE=''
am__include='include'
am__isrc=''
am__leading_dot='.'
am__nodep='_no'
am__quote=''
am__tar='$${TAR-tar} chof - "$$tardir"'
am__untar='$${TAR-tar} xf -'
bindir='${exec_prefix}/bin'
build='x86_64-unknown-linux-gnu'
build_alias=''
build_cpu='x86_64'
build_os='linux-gnu'
build_vendor='unknown'
datadir='${datarootdir}'
datarootdir='${prefix}/share'
docdir='${datarootdir}/doc/${PACKAGE_TARNAME}'
dvidir='${docdir}'
exec_prefix='${prefix}'
host='x86_64-unknown-linux-gnu'
host_alias=''
host_cpu='x86_64'
host_os='linux-gnu'
host_vendor='unknown'
htmldir='${docdir}'
includedir='${prefix}/include'
infodir='${datarootdir}/info'
install_sh='${SHELL} /home/init_user/week7/config/install-sh'
libdir='${exec_prefix}/lib'
libexecdir='${exec_prefix}/libexec'
localedir='${datarootdir}/locale'
localstatedir='${prefix}/var'
mandir='${datarootdir}/man'
mkdir_p='$(MKDIR_P)'
oldincludedir='/usr/include'
pdfdir='${docdir}'
prefix='/usr/local'
program_transform_name='s,x,x,'
psdir='${docdir}'
sbindir='${exec_prefix}/sbin'
sharedstatedir='${prefix}/com'
sysconfdir='${prefix}/etc'
target_alias=''

## ----------- ##
## confdefs.h. ##
## ----------- ##

/* confdefs.h */
#define PACKAGE_NAME "hello_world"
#define PACKAGE_TARNAME "hello_world"
#define PACKAGE_VERSION "0.1"
#define PACKAGE_STRING "hello_world 0.1"
#define PACKAGE_BUGREPORT ""
#define PACKAGE_URL ""
#define PACKAGE "hello_world"
#define VERSION "0.1"
#define STDC_HEADERS 1
#define HAVE_SYS_TYPES_H 1
#define HAVE_SYS_STAT_H 1
#define HAVE_STDLIB_H 1
#define HAVE_STRING_H 1
#define HAVE_MEMORY_H 1
#define HAVE_STRINGS_H 1
#define HAVE_INTTYPES_H 1
#define HAVE_STDINT_H 1
#define HAVE_UNISTD_H 1
#define HAVE_DLFCN_H 1
#define LT_OBJDIR ".libs/"

configure: exit 0

## ---------------------- ##
## Running config.status. ##
## ---------------------- ##

This file was extended by hello_world config.status 0.1, which was
generated by GNU Autoconf 2.69.  Invocation command line was

  CONFIG_FILES    = 
  CONFIG_HEADERS  = 
  CONFIG_LINKS    = 
  CONFIG_COMMANDS = 
  $ ./config.status 

on gentoo-usb

config.status:1089: creating Makefile
config.status:1089: creating src/Makefile
config.status:1089: creating config.h
config.status:1270: config.h is unchanged
config.status:1318: executing depfiles commands
config.status:1318: executing libtool commands

## ---------------------- ##
## Running config.status. ##
## ---------------------- ##

This file was extended by hello_world config.status 0.1, which was
generated by GNU Autoconf 2.69.  Invocation command line was

  CONFIG_FILES    = 
  CONFIG_HEADERS  = 
  CONFIG_LINKS    = 
  CONFIG_COMMANDS = 
  $ ./config.status src/Makefile depfiles

on gentoo-usb

config.status:1089: creating src/Makefile
config.status:1318: executing depfiles commands
